<?xml version="1.0" encoding="UTF-8"?>
<!-- Generated by org.testng.reporters.JUnitReportReporter -->
<testsuite hostname="LAPTOP-NGHULG3E" failures="0" tests="1" name="com.example.AppTest" time="55.112" errors="0" timestamp="2024-03-27T14:06:44 IST" skipped="0">
  <testcase classname="com.example.AppTest" name="testing" time="55.112"/>
</testsuite> <!-- com.example.AppTest -->
